{"C:\\Projects\\sites\\react\\react-apps\\lyrics-search\\src\\App.jsx": {"path":"C:\\Projects\\sites\\react\\react-apps\\lyrics-search\\src\\App.jsx","all":true,"statementMap":{"0":{"start":{"line":1,"column":0},"end":{"line":1,"column":53}},"1":{"start":{"line":2,"column":0},"end":{"line":2,"column":19}},"3":{"start":{"line":4,"column":0},"end":{"line":4,"column":16}},"4":{"start":{"line":5,"column":0},"end":{"line":5,"column":58}},"5":{"start":{"line":6,"column":0},"end":{"line":6,"column":1}},"7":{"start":{"line":8,"column":0},"end":{"line":8,"column":19}}},"s":{"0":0,"1":0,"3":0,"4":0,"5":0,"7":0},"branchMap":{"0":{"type":"branch","line":1,"loc":{"start":{"line":1,"column":173},"end":{"line":8,"column":19}},"locations":[{"start":{"line":1,"column":173},"end":{"line":8,"column":19}}]}},"b":{"0":[0]},"fnMap":{"0":{"name":"(empty-report)","decl":{"start":{"line":1,"column":173},"end":{"line":8,"column":19}},"loc":{"start":{"line":1,"column":173},"end":{"line":8,"column":19}},"line":1}},"f":{"0":0}}
,"C:\\Projects\\sites\\react\\react-apps\\lyrics-search\\src\\main.jsx": {"path":"C:\\Projects\\sites\\react\\react-apps\\lyrics-search\\src\\main.jsx","all":true,"statementMap":{"0":{"start":{"line":1,"column":0},"end":{"line":1,"column":34}},"1":{"start":{"line":2,"column":0},"end":{"line":2,"column":45}},"2":{"start":{"line":3,"column":0},"end":{"line":3,"column":27}},"3":{"start":{"line":4,"column":0},"end":{"line":4,"column":20}},"5":{"start":{"line":6,"column":0},"end":{"line":6,"column":51}},"6":{"start":{"line":7,"column":0},"end":{"line":7,"column":14}},"7":{"start":{"line":8,"column":0},"end":{"line":8,"column":11}},"8":{"start":{"line":9,"column":0},"end":{"line":9,"column":16}},"9":{"start":{"line":10,"column":0},"end":{"line":10,"column":1}}},"s":{"0":0,"1":0,"2":0,"3":0,"5":0,"6":0,"7":0,"8":0,"9":0},"branchMap":{"0":{"type":"branch","line":1,"loc":{"start":{"line":1,"column":228},"end":{"line":10,"column":1}},"locations":[{"start":{"line":1,"column":228},"end":{"line":10,"column":1}}]}},"b":{"0":[0]},"fnMap":{"0":{"name":"(empty-report)","decl":{"start":{"line":1,"column":228},"end":{"line":10,"column":1}},"loc":{"start":{"line":1,"column":228},"end":{"line":10,"column":1}},"line":1}},"f":{"0":0}}
,"C:\\Projects\\sites\\react\\react-apps\\lyrics-search\\src\\components\\LyricsSearch.jsx": {"path":"C:\\Projects\\sites\\react\\react-apps\\lyrics-search\\src\\components\\LyricsSearch.jsx","all":false,"statementMap":{"0":{"start":{"line":1,"column":0},"end":{"line":1,"column":33}},"1":{"start":{"line":2,"column":0},"end":{"line":2,"column":26}},"2":{"start":{"line":3,"column":0},"end":{"line":3,"column":28}},"4":{"start":{"line":5,"column":0},"end":{"line":5,"column":32}},"5":{"start":{"line":6,"column":0},"end":{"line":6,"column":43}},"6":{"start":{"line":7,"column":0},"end":{"line":7,"column":39}},"7":{"start":{"line":8,"column":0},"end":{"line":8,"column":43}},"8":{"start":{"line":9,"column":0},"end":{"line":9,"column":41}},"10":{"start":{"line":11,"column":0},"end":{"line":11,"column":41}},"11":{"start":{"line":12,"column":0},"end":{"line":12,"column":27}},"12":{"start":{"line":13,"column":0},"end":{"line":13,"column":35}},"13":{"start":{"line":14,"column":0},"end":{"line":14,"column":39}},"14":{"start":{"line":15,"column":0},"end":{"line":15,"column":13}},"15":{"start":{"line":16,"column":0},"end":{"line":16,"column":5}},"16":{"start":{"line":17,"column":0},"end":{"line":17,"column":18}},"17":{"start":{"line":18,"column":0},"end":{"line":18,"column":17}},"18":{"start":{"line":19,"column":0},"end":{"line":19,"column":9}},"19":{"start":{"line":20,"column":0},"end":{"line":20,"column":67}},"20":{"start":{"line":21,"column":0},"end":{"line":21,"column":28}},"21":{"start":{"line":22,"column":0},"end":{"line":22,"column":38}},"22":{"start":{"line":23,"column":0},"end":{"line":23,"column":19}},"23":{"start":{"line":24,"column":0},"end":{"line":24,"column":25}},"24":{"start":{"line":25,"column":0},"end":{"line":25,"column":28}},"25":{"start":{"line":26,"column":0},"end":{"line":26,"column":5}},"26":{"start":{"line":27,"column":0},"end":{"line":27,"column":4}},"27":{"start":{"line":28,"column":0},"end":{"line":28,"column":10}},"28":{"start":{"line":29,"column":0},"end":{"line":29,"column":38}},"29":{"start":{"line":30,"column":0},"end":{"line":30,"column":28}},"30":{"start":{"line":31,"column":0},"end":{"line":31,"column":36}},"31":{"start":{"line":32,"column":0},"end":{"line":32,"column":14}},"32":{"start":{"line":33,"column":0},"end":{"line":33,"column":21}},"33":{"start":{"line":34,"column":0},"end":{"line":34,"column":35}},"34":{"start":{"line":35,"column":0},"end":{"line":35,"column":24}},"35":{"start":{"line":36,"column":0},"end":{"line":36,"column":28}},"36":{"start":{"line":37,"column":0},"end":{"line":37,"column":38}},"37":{"start":{"line":38,"column":0},"end":{"line":38,"column":12}},"38":{"start":{"line":39,"column":0},"end":{"line":39,"column":18}},"39":{"start":{"line":40,"column":0},"end":{"line":40,"column":10}},"40":{"start":{"line":41,"column":0},"end":{"line":41,"column":14}},"41":{"start":{"line":42,"column":0},"end":{"line":42,"column":21}},"42":{"start":{"line":43,"column":0},"end":{"line":43,"column":33}},"43":{"start":{"line":44,"column":0},"end":{"line":44,"column":22}},"44":{"start":{"line":45,"column":0},"end":{"line":45,"column":28}},"45":{"start":{"line":46,"column":0},"end":{"line":46,"column":36}},"46":{"start":{"line":47,"column":0},"end":{"line":47,"column":12}},"47":{"start":{"line":48,"column":0},"end":{"line":48,"column":18}},"48":{"start":{"line":49,"column":0},"end":{"line":49,"column":10}},"49":{"start":{"line":50,"column":0},"end":{"line":50,"column":45}},"50":{"start":{"line":51,"column":0},"end":{"line":51,"column":13}},"51":{"start":{"line":52,"column":0},"end":{"line":52,"column":12}},"52":{"start":{"line":53,"column":0},"end":{"line":53,"column":51}},"53":{"start":{"line":54,"column":0},"end":{"line":54,"column":25}},"54":{"start":{"line":55,"column":0},"end":{"line":55,"column":10}},"56":{"start":{"line":57,"column":0},"end":{"line":57,"column":1}},"58":{"start":{"line":59,"column":0},"end":{"line":59,"column":28}}},"s":{"0":1,"1":1,"2":1,"4":13,"5":13,"6":13,"7":13,"8":13,"10":13,"11":3,"12":3,"13":3,"14":1,"15":1,"16":2,"17":2,"18":2,"19":2,"20":1,"21":1,"22":1,"23":1,"24":1,"25":1,"26":3,"27":13,"28":13,"29":13,"30":13,"31":13,"32":13,"33":13,"34":13,"35":13,"36":2,"37":2,"38":13,"39":13,"40":13,"41":13,"42":13,"43":13,"44":13,"45":3,"46":3,"47":13,"48":13,"49":13,"50":13,"51":13,"52":13,"53":13,"54":13,"56":13,"58":1},"branchMap":{"0":{"type":"branch","line":5,"loc":{"start":{"line":5,"column":0},"end":{"line":57,"column":1}},"locations":[{"start":{"line":5,"column":0},"end":{"line":57,"column":1}}]},"1":{"type":"branch","line":53,"loc":{"start":{"line":53,"column":7},"end":{"line":53,"column":51}},"locations":[{"start":{"line":53,"column":7},"end":{"line":53,"column":51}}]},"2":{"type":"branch","line":11,"loc":{"start":{"line":11,"column":23},"end":{"line":27,"column":4}},"locations":[{"start":{"line":11,"column":23},"end":{"line":27,"column":4}}]},"3":{"type":"branch","line":14,"loc":{"start":{"line":14,"column":19},"end":{"line":14,"column":38}},"locations":[{"start":{"line":14,"column":19},"end":{"line":14,"column":38}}]},"4":{"type":"branch","line":14,"loc":{"start":{"line":14,"column":38},"end":{"line":16,"column":5}},"locations":[{"start":{"line":14,"column":38},"end":{"line":16,"column":5}}]},"5":{"type":"branch","line":16,"loc":{"start":{"line":16,"column":4},"end":{"line":20,"column":67}},"locations":[{"start":{"line":16,"column":4},"end":{"line":20,"column":67}}]},"6":{"type":"branch","line":20,"loc":{"start":{"line":20,"column":65},"end":{"line":26,"column":5}},"locations":[{"start":{"line":20,"column":65},"end":{"line":26,"column":5}}]},"7":{"type":"branch","line":36,"loc":{"start":{"line":36,"column":20},"end":{"line":38,"column":12}},"locations":[{"start":{"line":36,"column":20},"end":{"line":38,"column":12}}]},"8":{"type":"branch","line":45,"loc":{"start":{"line":45,"column":20},"end":{"line":47,"column":12}},"locations":[{"start":{"line":45,"column":20},"end":{"line":47,"column":12}}]}},"b":{"0":[13],"1":[1],"2":[3],"3":[2],"4":[1],"5":[2],"6":[1],"7":[2],"8":[3]},"fnMap":{"0":{"name":"LyricsSearch","decl":{"start":{"line":5,"column":0},"end":{"line":57,"column":1}},"loc":{"start":{"line":5,"column":0},"end":{"line":57,"column":1}},"line":5},"1":{"name":"searchLyrics","decl":{"start":{"line":11,"column":23},"end":{"line":27,"column":4}},"loc":{"start":{"line":11,"column":23},"end":{"line":27,"column":4}},"line":11},"2":{"name":"onChange","decl":{"start":{"line":36,"column":20},"end":{"line":38,"column":12}},"loc":{"start":{"line":36,"column":20},"end":{"line":38,"column":12}},"line":36},"3":{"name":"onChange","decl":{"start":{"line":45,"column":20},"end":{"line":47,"column":12}},"loc":{"start":{"line":45,"column":20},"end":{"line":47,"column":12}},"line":45}},"f":{"0":13,"1":3,"2":2,"3":3}}
}
